
> cs-hub@0.1.0 dev
> next dev

  ▲ Next.js 14.2.35
  - Local:        http://localhost:3000

 ✓ Starting...
 ✓ Ready in 1146ms
 ○ Compiling / ...
 ✓ Compiled / in 3s (4137 modules)
 ✓ Compiled in 115ms (2062 modules)
 ✓ Compiled in 106ms (2057 modules)
 GET / 200 in 3463ms
 GET / 200 in 57ms
 ✓ Compiled /favicon.ico in 253ms (2094 modules)
 GET /favicon.ico 200 in 287ms
 GET / 200 in 269ms
 ⚠ Cross origin request detected from 127.0.0.1 to /_next/* resource. In a future major version of Next.js, you will need to explicitly configure "allowedDevOrigins" in next.config to allow this.
Read more: https://nextjs.org/docs/app/api-reference/config/next-config-js/allowedDevOrigins
 GET /favicon.ico 200 in 56ms
 ○ Compiling /_not-found ...
 ✓ Compiled /_not-found in 525ms (4140 modules)
 GET /apple-touch-icon-precomposed.png 404 in 566ms
 GET /apple-touch-icon.png 404 in 12ms
 GET /favicon.ico 200 in 10ms
 ○ Compiling /subjects ...
 ✓ Compiled /subjects in 608ms (4150 modules)
 GET /downloads/ 404 in 35ms
 ✓ Compiled /login in 420ms (4168 modules)
